2024-05-08 14:15:08 - INFO - Starting main function
2024-05-08 14:15:08 - INFO - Starting download of extractors
2024-05-08 14:15:08 - ERROR - An unexpected error occurred: string indices must be integers, not 'str'
2024-05-08 14:15:08 - INFO - Completed download of extractors
2024-05-08 14:15:08 - INFO - Ending main function
2024-05-08 14:15:31 - INFO - Starting main function
2024-05-08 14:15:31 - INFO - Starting download of extractors
2024-05-08 14:15:31 - ERROR - An unexpected error occurred: string indices must be integers, not 'str'
2024-05-08 14:15:31 - INFO - Completed download of extractors
2024-05-08 14:15:31 - INFO - Ending main function
2024-05-08 14:17:13 - INFO - Starting main function
2024-05-08 14:17:13 - INFO - Starting download of extractors
2024-05-08 14:17:13 - ERROR - An unexpected error occurred: string indices must be integers, not 'str'
2024-05-08 14:17:13 - INFO - Completed download of extractors
2024-05-08 14:17:13 - INFO - Ending main function
2024-05-08 14:18:20 - INFO - Starting main function
2024-05-08 14:18:20 - INFO - Starting download of extractors
2024-05-08 14:18:20 - ERROR - An unexpected error occurred: string indices must be integers, not 'str'
2024-05-08 14:18:20 - INFO - Completed download of extractors
2024-05-08 14:18:20 - INFO - Ending main function
2024-05-08 14:35:02 - INFO - Starting main function
2024-05-08 14:35:02 - INFO - Starting download of extractors
2024-05-08 14:35:02 - ERROR - Missing required fields in extractor definition.
2024-05-08 14:35:02 - ERROR - Missing required fields in extractor definition.
2024-05-08 14:35:02 - INFO - Completed download of extractors
2024-05-08 14:35:02 - INFO - Ending main function
2024-05-08 14:38:50 - INFO - Starting main function
2024-05-08 14:38:50 - INFO - Starting download of extractors
2024-05-08 14:38:59 - INFO - Successfully downloaded extractor: whisper-mlx.whisper_extractor:WhisperExtractor
2024-05-08 14:39:05 - INFO - Successfully downloaded extractor: minilm-l6.minilm_l6:MiniLML6Extractor
2024-05-08 14:39:05 - INFO - Completed download of extractors
2024-05-08 14:39:05 - INFO - Ending main function
2024-05-08 14:40:45 - INFO - Starting main function
2024-05-08 14:40:45 - INFO - Starting download of extractors
2024-05-08 14:40:50 - INFO - Successfully downloaded extractor: whisper-mlx.whisper_extractor:WhisperExtractor
2024-05-08 14:40:55 - INFO - Successfully downloaded extractor: minilm-l6.minilm_l6:MiniLML6Extractor
2024-05-08 14:40:55 - INFO - Completed download of extractors
2024-05-08 14:40:55 - INFO - Ending main function
2024-05-08 14:41:10 - INFO - Starting main function
2024-05-08 14:41:10 - INFO - Starting download of extractors
2024-05-08 14:41:15 - INFO - Successfully downloaded extractor: whisper-mlx.whisper_extractor:WhisperExtractor
2024-05-08 14:41:20 - INFO - Successfully downloaded extractor: minilm-l6.minilm_l6:MiniLML6Extractor
2024-05-08 14:41:20 - INFO - Completed download of extractors
2024-05-08 14:41:20 - INFO - Ending main function
2024-05-08 14:43:22 - INFO - Starting main function
2024-05-08 14:43:22 - INFO - Starting download of extractors
2024-05-08 14:43:27 - INFO - Starting update of local extractors list
2024-05-08 14:43:27 - INFO - Updated local extractors list.
2024-05-08 14:43:27 - INFO - Successfully downloaded extractor: whisper-mlx.whisper_extractor:WhisperExtractor
2024-05-08 14:43:32 - INFO - Starting update of local extractors list
2024-05-08 14:43:32 - INFO - No updates needed.
2024-05-08 14:43:32 - INFO - Successfully downloaded extractor: minilm-l6.minilm_l6:MiniLML6Extractor
2024-05-08 14:43:32 - INFO - Completed download of extractors
2024-05-08 14:43:32 - INFO - Ending main function
2024-05-08 14:50:06 - INFO - Starting main function
2024-05-08 14:50:06 - INFO - Starting download of extractors
2024-05-08 14:50:14 - INFO - Starting update of local extractors list
2024-05-08 14:50:14 - ERROR - Validation error: Input file does not contain a valid list of extractor dictionaries.
2024-05-08 14:50:14 - INFO - Successfully downloaded extractor: whisper-mlx.whisper_extractor:WhisperExtractor
2024-05-08 14:50:19 - INFO - Starting update of local extractors list
2024-05-08 14:50:19 - ERROR - Validation error: Input file does not contain a valid list of extractor dictionaries.
2024-05-08 14:50:19 - INFO - Successfully downloaded extractor: minilm-l6.minilm_l6:MiniLML6Extractor
2024-05-08 14:50:19 - INFO - Completed download of extractors
2024-05-08 14:50:19 - INFO - Ending main function
2024-05-08 14:50:38 - INFO - Starting main function
2024-05-08 14:50:38 - INFO - Starting download of extractors
2024-05-08 14:50:44 - INFO - Starting update of local extractors list
2024-05-08 14:50:44 - ERROR - Validation error: Input file does not contain a valid list of extractor dictionaries.
2024-05-08 14:50:44 - INFO - Successfully downloaded extractor: whisper-mlx.whisper_extractor:WhisperExtractor
2024-05-08 14:50:48 - INFO - Starting update of local extractors list
2024-05-08 14:50:48 - ERROR - Validation error: Input file does not contain a valid list of extractor dictionaries.
2024-05-08 14:50:48 - INFO - Successfully downloaded extractor: minilm-l6.minilm_l6:MiniLML6Extractor
2024-05-08 14:50:48 - INFO - Completed download of extractors
2024-05-08 14:50:48 - INFO - Ending main function
2024-05-08 14:52:08 - INFO - Starting main function
2024-05-08 14:52:08 - INFO - Starting download of extractors
2024-05-08 14:52:14 - INFO - Starting update of local extractors list
2024-05-08 14:52:14 - ERROR - Validation error: Input file does not contain a valid list of extractor dictionaries.
2024-05-08 14:52:14 - INFO - Successfully downloaded extractor: whisper-mlx.whisper_extractor:WhisperExtractor
2024-05-08 14:52:19 - INFO - Starting update of local extractors list
2024-05-08 14:52:19 - ERROR - Validation error: Input file does not contain a valid list of extractor dictionaries.
2024-05-08 14:52:19 - INFO - Successfully downloaded extractor: minilm-l6.minilm_l6:MiniLML6Extractor
2024-05-08 14:52:19 - INFO - Completed download of extractors
2024-05-08 14:52:19 - INFO - Ending main function
2024-05-08 14:54:42 - INFO - Starting main function
2024-05-08 14:54:42 - INFO - Starting download of extractors
2024-05-08 14:54:47 - INFO - Starting update of local extractors list
2024-05-08 14:54:47 - INFO - Updated local extractors list and written to indexify-local/extractors-json/local_extractors.json.
2024-05-08 14:54:47 - INFO - Successfully downloaded extractor: whisper-mlx.whisper_extractor:WhisperExtractor
2024-05-08 14:54:52 - INFO - Starting update of local extractors list
2024-05-08 14:54:52 - INFO - No updates needed.
2024-05-08 14:54:52 - INFO - Successfully downloaded extractor: minilm-l6.minilm_l6:MiniLML6Extractor
2024-05-08 14:54:52 - INFO - Completed download of extractors
2024-05-08 14:54:52 - INFO - Ending main function
2024-05-08 14:57:51 - INFO - Starting main function
2024-05-08 14:57:51 - INFO - Ending main function
2024-05-08 14:59:07 - INFO - Starting main function
2024-05-08 14:59:07 - INFO - Ending main function
2024-05-08 14:59:22 - INFO - Starting main function
2024-05-08 14:59:22 - INFO - Ending main function
2024-05-08 14:59:32 - INFO - Starting main function
2024-05-08 15:00:51 - INFO - Starting main function
2024-05-08 15:00:51 - INFO - HTTP Request: GET http://localhost:8900/namespaces/default "HTTP/1.1 200 OK"
2024-05-08 15:00:51 - INFO - HTTP Request: POST http://localhost:8900/namespaces/default/extraction_policies "HTTP/1.1 200 OK"
2024-05-08 15:00:51 - INFO - HTTP Request: GET http://localhost:8900/namespaces/default "HTTP/1.1 200 OK"
2024-05-08 15:00:51 - INFO - HTTP Request: POST http://localhost:8900/namespaces/default/extraction_policies "HTTP/1.1 200 OK"
2024-05-08 15:00:51 - INFO - HTTP Request: GET http://localhost:8900/namespaces/default "HTTP/1.1 200 OK"
2024-05-08 15:00:51 - ERROR - An error occurred: 0
2024-05-08 15:00:51 - INFO - Ending main function
